c:\users\lenovo\downloads\gameoflife\debug\vc141.pdb
c:\users\lenovo\downloads\gameoflife\debug\vc141.idb
c:\users\lenovo\downloads\gameoflife\debug\cell.obj
c:\users\lenovo\downloads\gameoflife\debug\commandline.obj
c:\users\lenovo\downloads\gameoflife\debug\filereadwriteexception.obj
c:\users\lenovo\downloads\gameoflife\debug\cellgroup.obj
c:\users\lenovo\downloads\gameoflife\debug\hardtorevivecell.obj
c:\users\lenovo\downloads\gameoflife\debug\hibernatedcell.obj
c:\users\lenovo\downloads\gameoflife\debug\main.obj
c:\users\lenovo\downloads\gameoflife\debug\normalcell.obj
c:\users\lenovo\downloads\gameoflife\debug\restrictedcell.obj
c:\users\lenovo\downloads\gameoflife\debug\userinputexception.obj
c:\users\lenovo\downloads\gameoflife\debug\gameoflife.exe
c:\users\lenovo\downloads\gameoflife\debug\gameoflife.ilk
c:\users\lenovo\downloads\gameoflife\debug\gameoflife.pdb
c:\users\lenovo\downloads\gameoflife\debug\gameoflife.tlog\cl.command.1.tlog
c:\users\lenovo\downloads\gameoflife\debug\gameoflife.tlog\cl.read.1.tlog
c:\users\lenovo\downloads\gameoflife\debug\gameoflife.tlog\cl.write.1.tlog
c:\users\lenovo\downloads\gameoflife\debug\gameoflife.tlog\link.command.1.tlog
c:\users\lenovo\downloads\gameoflife\debug\gameoflife.tlog\link.read.1.tlog
c:\users\lenovo\downloads\gameoflife\debug\gameoflife.tlog\link.write.1.tlog
